<?xml version="1.0" encoding="UTF-8"?>
<!-- Generated by org.testng.reporters.JUnitReportReporter -->
<testsuite hostname="win2019" failures="0" tests="1" name="com.multiframes.SwitchTo" time="31.137" errors="0" timestamp="2024-08-28T07:07:35 PDT" skipped="0">
  <testcase classname="com.multiframes.SwitchTo" name="multiframe" time="31.137"/>
  <system-out/>
</testsuite> <!-- com.multiframes.SwitchTo -->
